  [1m[36m (1.0ms)[0m  [1mCREATE TABLE "schema_migrations" ("version" varchar NOT NULL) [0m
  [1m[35m (0.1ms)[0m  select sqlite_version(*)
  [1m[36m (0.8ms)[0m  [1mCREATE UNIQUE INDEX "unique_schema_migrations" ON "schema_migrations" ("version")[0m
  [1m[35mActiveRecord::SchemaMigration Load (0.1ms)[0m  SELECT "schema_migrations".* FROM "schema_migrations"
Migrating to CreateUsers (20160222144422)
  [1m[36m (0.1ms)[0m  [1mbegin transaction[0m
  [1m[35m (0.4ms)[0m  CREATE TABLE "users" ("id" INTEGER PRIMARY KEY AUTOINCREMENT NOT NULL, "created_at" datetime NOT NULL, "updated_at" datetime NOT NULL) 
  [1m[36mSQL (0.2ms)[0m  [1mINSERT INTO "schema_migrations" ("version") VALUES (?)[0m  [["version", "20160222144422"]]
  [1m[35m (0.8ms)[0m  commit transaction
Migrating to AddDeviseToUsers (20160222144438)
  [1m[36m (0.1ms)[0m  [1mbegin transaction[0m
  [1m[35m (0.4ms)[0m  ALTER TABLE "users" ADD "email" varchar DEFAULT '' NOT NULL
  [1m[36m (0.1ms)[0m  [1mALTER TABLE "users" ADD "encrypted_password" varchar DEFAULT '' NOT NULL[0m
  [1m[35m (0.4ms)[0m  CREATE UNIQUE INDEX "index_users_on_email" ON "users" ("email")
  [1m[36mSQL (0.1ms)[0m  [1mINSERT INTO "schema_migrations" ("version") VALUES (?)[0m  [["version", "20160222144438"]]
  [1m[35m (0.9ms)[0m  commit transaction
  [1m[36mActiveRecord::SchemaMigration Load (0.1ms)[0m  [1mSELECT "schema_migrations".* FROM "schema_migrations"[0m
  [1m[35m (0.2ms)[0m              SELECT sql
            FROM sqlite_master
            WHERE name='index_users_on_email' AND type='index'
            UNION ALL
            SELECT sql
            FROM sqlite_temp_master
            WHERE name='index_users_on_email' AND type='index'



Started POST "/users.json" for ::1 at 2016-02-22 20:50:46 +0600
  [1m[36mActiveRecord::SchemaMigration Load (0.7ms)[0m  [1mSELECT "schema_migrations".* FROM "schema_migrations"[0m
Processing by Users::RegistrationsController#create as JSON
  Parameters: {"user"=>{"email"=>"123test123@test.ru", "password"=>"[FILTERED]", "password_confirmation"=>"[FILTERED]"}, "registration"=>{"user"=>{"email"=>"123test123@test.ru", "password"=>"[FILTERED]", "password_confirmation"=>"[FILTERED]"}}}
  [1m[35m (0.1ms)[0m  begin transaction
  [1m[36mUser Exists (0.5ms)[0m  [1mSELECT  1 AS one FROM "users" WHERE "users"."email" = '123test123@test.ru' LIMIT 1[0m
  [1m[35mSQL (1.1ms)[0m  INSERT INTO "users" ("email", "encrypted_password", "created_at", "updated_at") VALUES (?, ?, ?, ?)  [["email", "123test123@test.ru"], ["encrypted_password", "$2a$10$kXA.Bz4HTH4rJZ2./yr7GOOoCTEjxLrOjwS5PbhGMDTcP3.8PiFxq"], ["created_at", "2016-02-22 14:50:46.882954"], ["updated_at", "2016-02-22 14:50:46.882954"]]
  [1m[36m (0.8ms)[0m  [1mcommit transaction[0m
Completed 201 Created in 134ms (Views: 0.4ms | ActiveRecord: 2.8ms)


Started POST "/users/sign_in.json" for ::1 at 2016-02-22 20:51:14 +0600
Processing by Users::SessionsController#create as JSON
  Parameters: {"user"=>{"email"=>"123test123@test.ru", "password"=>"[FILTERED]"}, "session"=>{"user"=>{"email"=>"123test123@test.ru", "password"=>"[FILTERED]"}}}
  [1m[35mUser Load (0.2ms)[0m  SELECT  "users".* FROM "users" WHERE "users"."email" = ?  ORDER BY "users"."id" ASC LIMIT 1  [["email", "123test123@test.ru"]]
Completed 200 OK in 93ms (Views: 0.2ms | ActiveRecord: 0.2ms)


Started GET "/api/test.json" for ::1 at 2016-02-22 20:54:51 +0600
Processing by ApiController#test as JSON
  Parameters: {"api"=>{}}
Filter chain halted as :verify_jwt_token rendered or redirected
Completed 401 Unauthorized in 1ms (ActiveRecord: 0.0ms)


Started GET "/api/test.json" for ::1 at 2016-02-22 20:55:42 +0600
Processing by ApiController#test as JSON
  Parameters: {"api"=>{}}
Completed 500 Internal Server Error in 1ms (ActiveRecord: 0.0ms)

ArgumentError (too few arguments):
  app/controllers/api_controller.rb:7:in `format'
  app/controllers/api_controller.rb:7:in `test'


  Rendered /Users/gabyshev/.rvm/gems/ruby-2.3.0@monolith-chat/gems/actionpack-4.2.5/lib/action_dispatch/middleware/templates/rescues/_source.erb (4.1ms)
  Rendered /Users/gabyshev/.rvm/gems/ruby-2.3.0@monolith-chat/gems/actionpack-4.2.5/lib/action_dispatch/middleware/templates/rescues/_trace.html.erb (1.9ms)
  Rendered /Users/gabyshev/.rvm/gems/ruby-2.3.0@monolith-chat/gems/actionpack-4.2.5/lib/action_dispatch/middleware/templates/rescues/_request_and_response.html.erb (0.8ms)
  Rendered /Users/gabyshev/.rvm/gems/ruby-2.3.0@monolith-chat/gems/actionpack-4.2.5/lib/action_dispatch/middleware/templates/rescues/diagnostics.html.erb within rescues/layout (58.1ms)
  Rendered /Users/gabyshev/.rvm/gems/ruby-2.3.0@monolith-chat/gems/web-console-2.3.0/lib/web_console/templates/_markup.html.erb (0.4ms)
  Rendered /Users/gabyshev/.rvm/gems/ruby-2.3.0@monolith-chat/gems/web-console-2.3.0/lib/web_console/templates/_inner_console_markup.html.erb within layouts/inlined_string (0.3ms)
  Rendered /Users/gabyshev/.rvm/gems/ruby-2.3.0@monolith-chat/gems/web-console-2.3.0/lib/web_console/templates/_prompt_box_markup.html.erb within layouts/inlined_string (0.3ms)
  Rendered /Users/gabyshev/.rvm/gems/ruby-2.3.0@monolith-chat/gems/web-console-2.3.0/lib/web_console/templates/style.css.erb within layouts/inlined_string (0.3ms)
  Rendered /Users/gabyshev/.rvm/gems/ruby-2.3.0@monolith-chat/gems/web-console-2.3.0/lib/web_console/templates/console.js.erb within layouts/javascript (53.1ms)
  Rendered /Users/gabyshev/.rvm/gems/ruby-2.3.0@monolith-chat/gems/web-console-2.3.0/lib/web_console/templates/main.js.erb within layouts/javascript (0.4ms)
  Rendered /Users/gabyshev/.rvm/gems/ruby-2.3.0@monolith-chat/gems/web-console-2.3.0/lib/web_console/templates/error_page.js.erb within layouts/javascript (0.4ms)
  Rendered /Users/gabyshev/.rvm/gems/ruby-2.3.0@monolith-chat/gems/web-console-2.3.0/lib/web_console/templates/index.html.erb (112.3ms)


Started GET "/api/test.json" for ::1 at 2016-02-22 20:56:10 +0600
Processing by ApiController#test as JSON
  Parameters: {"api"=>{}}
Filter chain halted as :verify_jwt_token rendered or redirected
Completed 401 Unauthorized in 1ms (ActiveRecord: 0.0ms)


Started GET "/api/test.json" for ::1 at 2016-02-22 20:56:12 +0600
Processing by ApiController#test as JSON
  Parameters: {"api"=>{}}
Completed 200 OK in 1ms (Views: 0.2ms | ActiveRecord: 0.0ms)


Started OPTIONS "/users/sign_in.json" for ::1 at 2016-02-23 13:39:37 +0600
  [1m[36mActiveRecord::SchemaMigration Load (0.5ms)[0m  [1mSELECT "schema_migrations".* FROM "schema_migrations"[0m

ActionController::RoutingError (No route matches [OPTIONS] "/users/sign_in.json"):
  actionpack (4.2.5) lib/action_dispatch/middleware/debug_exceptions.rb:21:in `call'
  web-console (2.3.0) lib/web_console/middleware.rb:28:in `block in call'
  web-console (2.3.0) lib/web_console/middleware.rb:18:in `catch'
  web-console (2.3.0) lib/web_console/middleware.rb:18:in `call'
  actionpack (4.2.5) lib/action_dispatch/middleware/show_exceptions.rb:30:in `call'
  railties (4.2.5) lib/rails/rack/logger.rb:38:in `call_app'
  railties (4.2.5) lib/rails/rack/logger.rb:20:in `block in call'
  activesupport (4.2.5) lib/active_support/tagged_logging.rb:68:in `block in tagged'
  activesupport (4.2.5) lib/active_support/tagged_logging.rb:26:in `tagged'
  activesupport (4.2.5) lib/active_support/tagged_logging.rb:68:in `tagged'
  railties (4.2.5) lib/rails/rack/logger.rb:20:in `call'
  actionpack (4.2.5) lib/action_dispatch/middleware/request_id.rb:21:in `call'
  rack (1.6.4) lib/rack/methodoverride.rb:22:in `call'
  rack (1.6.4) lib/rack/runtime.rb:18:in `call'
  activesupport (4.2.5) lib/active_support/cache/strategy/local_cache_middleware.rb:28:in `call'
  rack (1.6.4) lib/rack/lock.rb:17:in `call'
  actionpack (4.2.5) lib/action_dispatch/middleware/static.rb:116:in `call'
  rack (1.6.4) lib/rack/sendfile.rb:113:in `call'
  railties (4.2.5) lib/rails/engine.rb:518:in `call'
  railties (4.2.5) lib/rails/application.rb:165:in `call'
  rack (1.6.4) lib/rack/lock.rb:17:in `call'
  rack (1.6.4) lib/rack/content_length.rb:15:in `call'
  rack (1.6.4) lib/rack/handler/webrick.rb:88:in `service'
  /Users/gabyshev/.rvm/rubies/ruby-2.3.0/lib/ruby/2.3.0/webrick/httpserver.rb:140:in `service'
  /Users/gabyshev/.rvm/rubies/ruby-2.3.0/lib/ruby/2.3.0/webrick/httpserver.rb:96:in `run'
  /Users/gabyshev/.rvm/rubies/ruby-2.3.0/lib/ruby/2.3.0/webrick/server.rb:296:in `block in start_thread'


  Rendered /Users/gabyshev/.rvm/gems/ruby-2.3.0@monolith-chat/gems/actionpack-4.2.5/lib/action_dispatch/middleware/templates/rescues/_trace.html.erb (1.6ms)
  Rendered /Users/gabyshev/.rvm/gems/ruby-2.3.0@monolith-chat/gems/actionpack-4.2.5/lib/action_dispatch/middleware/templates/routes/_route.html.erb (1.4ms)
  Rendered /Users/gabyshev/.rvm/gems/ruby-2.3.0@monolith-chat/gems/actionpack-4.2.5/lib/action_dispatch/middleware/templates/routes/_table.html.erb (16.9ms)
  Rendered /Users/gabyshev/.rvm/gems/ruby-2.3.0@monolith-chat/gems/actionpack-4.2.5/lib/action_dispatch/middleware/templates/rescues/_request_and_response.html.erb (17.1ms)
  Rendered /Users/gabyshev/.rvm/gems/ruby-2.3.0@monolith-chat/gems/actionpack-4.2.5/lib/action_dispatch/middleware/templates/rescues/routing_error.html.erb within rescues/layout (108.2ms)
  Rendered /Users/gabyshev/.rvm/gems/ruby-2.3.0@monolith-chat/gems/web-console-2.3.0/lib/web_console/templates/_markup.html.erb (0.4ms)
  Rendered /Users/gabyshev/.rvm/gems/ruby-2.3.0@monolith-chat/gems/web-console-2.3.0/lib/web_console/templates/_inner_console_markup.html.erb within layouts/inlined_string (0.4ms)
  Rendered /Users/gabyshev/.rvm/gems/ruby-2.3.0@monolith-chat/gems/web-console-2.3.0/lib/web_console/templates/_prompt_box_markup.html.erb within layouts/inlined_string (0.3ms)
  Rendered /Users/gabyshev/.rvm/gems/ruby-2.3.0@monolith-chat/gems/web-console-2.3.0/lib/web_console/templates/style.css.erb within layouts/inlined_string (0.3ms)
  Rendered /Users/gabyshev/.rvm/gems/ruby-2.3.0@monolith-chat/gems/web-console-2.3.0/lib/web_console/templates/console.js.erb within layouts/javascript (61.6ms)
  Rendered /Users/gabyshev/.rvm/gems/ruby-2.3.0@monolith-chat/gems/web-console-2.3.0/lib/web_console/templates/main.js.erb within layouts/javascript (0.4ms)
  Rendered /Users/gabyshev/.rvm/gems/ruby-2.3.0@monolith-chat/gems/web-console-2.3.0/lib/web_console/templates/error_page.js.erb within layouts/javascript (0.5ms)
  Rendered /Users/gabyshev/.rvm/gems/ruby-2.3.0@monolith-chat/gems/web-console-2.3.0/lib/web_console/templates/index.html.erb (127.9ms)


Started POST "/users/sign_in.json" for ::1 at 2016-02-23 13:40:20 +0600
  [1m[36mActiveRecord::SchemaMigration Load (0.5ms)[0m  [1mSELECT "schema_migrations".* FROM "schema_migrations"[0m
Processing by Users::SessionsController#create as JSON
  Parameters: {"user"=>{"email"=>"123test123@test.ru", "password"=>"[FILTERED]"}, "session"=>{"user"=>{"email"=>"123test123@test.ru", "password"=>"[FILTERED]"}}}
  [1m[35mUser Load (0.8ms)[0m  SELECT  "users".* FROM "users" WHERE "users"."email" = ?  ORDER BY "users"."id" ASC LIMIT 1  [["email", "123test123@test.ru"]]
Completed 500 Internal Server Error in 108ms (ActiveRecord: 1.1ms)

ArgumentError (too few arguments):
  app/controllers/users/sessions_controller.rb:16:in `format'
  app/controllers/users/sessions_controller.rb:16:in `create'


  Rendered /Users/gabyshev/.rvm/gems/ruby-2.3.0@monolith-chat/gems/actionpack-4.2.5/lib/action_dispatch/middleware/templates/rescues/_source.erb (3.9ms)
  Rendered /Users/gabyshev/.rvm/gems/ruby-2.3.0@monolith-chat/gems/actionpack-4.2.5/lib/action_dispatch/middleware/templates/rescues/_trace.html.erb (3.2ms)
  Rendered /Users/gabyshev/.rvm/gems/ruby-2.3.0@monolith-chat/gems/actionpack-4.2.5/lib/action_dispatch/middleware/templates/rescues/_request_and_response.html.erb (1.4ms)
  Rendered /Users/gabyshev/.rvm/gems/ruby-2.3.0@monolith-chat/gems/actionpack-4.2.5/lib/action_dispatch/middleware/templates/rescues/diagnostics.html.erb within rescues/layout (59.1ms)
  Rendered /Users/gabyshev/.rvm/gems/ruby-2.3.0@monolith-chat/gems/web-console-2.3.0/lib/web_console/templates/_markup.html.erb (0.4ms)
  Rendered /Users/gabyshev/.rvm/gems/ruby-2.3.0@monolith-chat/gems/web-console-2.3.0/lib/web_console/templates/_inner_console_markup.html.erb within layouts/inlined_string (0.3ms)
  Rendered /Users/gabyshev/.rvm/gems/ruby-2.3.0@monolith-chat/gems/web-console-2.3.0/lib/web_console/templates/_prompt_box_markup.html.erb within layouts/inlined_string (0.2ms)
  Rendered /Users/gabyshev/.rvm/gems/ruby-2.3.0@monolith-chat/gems/web-console-2.3.0/lib/web_console/templates/style.css.erb within layouts/inlined_string (0.2ms)
  Rendered /Users/gabyshev/.rvm/gems/ruby-2.3.0@monolith-chat/gems/web-console-2.3.0/lib/web_console/templates/console.js.erb within layouts/javascript (54.5ms)
  Rendered /Users/gabyshev/.rvm/gems/ruby-2.3.0@monolith-chat/gems/web-console-2.3.0/lib/web_console/templates/main.js.erb within layouts/javascript (0.3ms)
  Rendered /Users/gabyshev/.rvm/gems/ruby-2.3.0@monolith-chat/gems/web-console-2.3.0/lib/web_console/templates/error_page.js.erb within layouts/javascript (0.4ms)
  Rendered /Users/gabyshev/.rvm/gems/ruby-2.3.0@monolith-chat/gems/web-console-2.3.0/lib/web_console/templates/index.html.erb (115.9ms)


Started POST "/users/sign_in.json" for ::1 at 2016-02-23 13:40:38 +0600
Processing by Users::SessionsController#create as JSON
  Parameters: {"user"=>{"email"=>"123test123@test.ru", "password"=>"[FILTERED]"}, "session"=>{"user"=>{"email"=>"123test123@test.ru", "password"=>"[FILTERED]"}}}
  [1m[36mUser Load (0.1ms)[0m  [1mSELECT  "users".* FROM "users" WHERE "users"."email" = ?  ORDER BY "users"."id" ASC LIMIT 1[0m  [["email", "123test123@test.ru"]]
Completed 500 Internal Server Error in 85ms (ActiveRecord: 0.1ms)

ArgumentError (too few arguments):
  app/controllers/users/sessions_controller.rb:16:in `format'
  app/controllers/users/sessions_controller.rb:16:in `create'


  Rendered /Users/gabyshev/.rvm/gems/ruby-2.3.0@monolith-chat/gems/actionpack-4.2.5/lib/action_dispatch/middleware/templates/rescues/_source.erb (3.6ms)
  Rendered /Users/gabyshev/.rvm/gems/ruby-2.3.0@monolith-chat/gems/actionpack-4.2.5/lib/action_dispatch/middleware/templates/rescues/_trace.html.erb (1.8ms)
  Rendered /Users/gabyshev/.rvm/gems/ruby-2.3.0@monolith-chat/gems/actionpack-4.2.5/lib/action_dispatch/middleware/templates/rescues/_request_and_response.html.erb (1.0ms)
  Rendered /Users/gabyshev/.rvm/gems/ruby-2.3.0@monolith-chat/gems/actionpack-4.2.5/lib/action_dispatch/middleware/templates/rescues/diagnostics.html.erb within rescues/layout (52.9ms)
  Rendered /Users/gabyshev/.rvm/gems/ruby-2.3.0@monolith-chat/gems/web-console-2.3.0/lib/web_console/templates/_markup.html.erb (0.5ms)
  Rendered /Users/gabyshev/.rvm/gems/ruby-2.3.0@monolith-chat/gems/web-console-2.3.0/lib/web_console/templates/_inner_console_markup.html.erb within layouts/inlined_string (0.3ms)
  Rendered /Users/gabyshev/.rvm/gems/ruby-2.3.0@monolith-chat/gems/web-console-2.3.0/lib/web_console/templates/_prompt_box_markup.html.erb within layouts/inlined_string (0.3ms)
  Rendered /Users/gabyshev/.rvm/gems/ruby-2.3.0@monolith-chat/gems/web-console-2.3.0/lib/web_console/templates/style.css.erb within layouts/inlined_string (0.3ms)
  Rendered /Users/gabyshev/.rvm/gems/ruby-2.3.0@monolith-chat/gems/web-console-2.3.0/lib/web_console/templates/console.js.erb within layouts/javascript (45.1ms)
  Rendered /Users/gabyshev/.rvm/gems/ruby-2.3.0@monolith-chat/gems/web-console-2.3.0/lib/web_console/templates/main.js.erb within layouts/javascript (0.3ms)
  Rendered /Users/gabyshev/.rvm/gems/ruby-2.3.0@monolith-chat/gems/web-console-2.3.0/lib/web_console/templates/error_page.js.erb within layouts/javascript (0.6ms)
  Rendered /Users/gabyshev/.rvm/gems/ruby-2.3.0@monolith-chat/gems/web-console-2.3.0/lib/web_console/templates/index.html.erb (101.5ms)


Started POST "/users/sign_in.json" for ::1 at 2016-02-23 13:42:03 +0600
Processing by Users::SessionsController#create as JSON
  Parameters: {"user"=>{"email"=>"123test123@test.ru", "password"=>"[FILTERED]"}, "session"=>{"user"=>{"email"=>"123test123@test.ru", "password"=>"[FILTERED]"}}}
  [1m[35mUser Load (0.6ms)[0m  SELECT  "users".* FROM "users" WHERE "users"."email" = ?  ORDER BY "users"."id" ASC LIMIT 1  [["email", "123test123@test.ru"]]


 #<User id: 1, created_at: "2016-02-22 14:50:46", updated_at: "2016-02-22 14:50:46", email: "123test123@test.ru", encrypted_password: "$2a$10$kXA.Bz4HTH4rJZ2./yr7GOOoCTEjxLrOjwS5PbhGMDT..."> 


Completed 500 Internal Server Error in 90ms (ActiveRecord: 1.1ms)

ArgumentError (too few arguments):
  app/controllers/users/sessions_controller.rb:17:in `format'
  app/controllers/users/sessions_controller.rb:17:in `create'


  Rendered /Users/gabyshev/.rvm/gems/ruby-2.3.0@monolith-chat/gems/actionpack-4.2.5/lib/action_dispatch/middleware/templates/rescues/_source.erb (3.8ms)
  Rendered /Users/gabyshev/.rvm/gems/ruby-2.3.0@monolith-chat/gems/actionpack-4.2.5/lib/action_dispatch/middleware/templates/rescues/_trace.html.erb (1.9ms)
  Rendered /Users/gabyshev/.rvm/gems/ruby-2.3.0@monolith-chat/gems/actionpack-4.2.5/lib/action_dispatch/middleware/templates/rescues/_request_and_response.html.erb (1.2ms)
  Rendered /Users/gabyshev/.rvm/gems/ruby-2.3.0@monolith-chat/gems/actionpack-4.2.5/lib/action_dispatch/middleware/templates/rescues/diagnostics.html.erb within rescues/layout (56.7ms)
  Rendered /Users/gabyshev/.rvm/gems/ruby-2.3.0@monolith-chat/gems/web-console-2.3.0/lib/web_console/templates/_markup.html.erb (1.5ms)
  Rendered /Users/gabyshev/.rvm/gems/ruby-2.3.0@monolith-chat/gems/web-console-2.3.0/lib/web_console/templates/_inner_console_markup.html.erb within layouts/inlined_string (0.3ms)
  Rendered /Users/gabyshev/.rvm/gems/ruby-2.3.0@monolith-chat/gems/web-console-2.3.0/lib/web_console/templates/_prompt_box_markup.html.erb within layouts/inlined_string (0.4ms)
  Rendered /Users/gabyshev/.rvm/gems/ruby-2.3.0@monolith-chat/gems/web-console-2.3.0/lib/web_console/templates/style.css.erb within layouts/inlined_string (0.8ms)
  Rendered /Users/gabyshev/.rvm/gems/ruby-2.3.0@monolith-chat/gems/web-console-2.3.0/lib/web_console/templates/console.js.erb within layouts/javascript (59.2ms)
  Rendered /Users/gabyshev/.rvm/gems/ruby-2.3.0@monolith-chat/gems/web-console-2.3.0/lib/web_console/templates/main.js.erb within layouts/javascript (1.3ms)
  Rendered /Users/gabyshev/.rvm/gems/ruby-2.3.0@monolith-chat/gems/web-console-2.3.0/lib/web_console/templates/error_page.js.erb within layouts/javascript (0.6ms)
  Rendered /Users/gabyshev/.rvm/gems/ruby-2.3.0@monolith-chat/gems/web-console-2.3.0/lib/web_console/templates/index.html.erb (128.5ms)


Started POST "/users/sign_in.json" for ::1 at 2016-02-23 13:42:18 +0600
Processing by Users::SessionsController#create as JSON
  Parameters: {"user"=>{"email"=>"123test123@test.ru", "password"=>"[FILTERED]"}, "session"=>{"user"=>{"email"=>"123test123@test.ru", "password"=>"[FILTERED]"}}}
  [1m[36mUser Load (0.7ms)[0m  [1mSELECT  "users".* FROM "users" WHERE "users"."email" = ?  ORDER BY "users"."id" ASC LIMIT 1[0m  [["email", "123test123@test.ru"]]


 #<User id: 1, created_at: "2016-02-22 14:50:46", updated_at: "2016-02-22 14:50:46", email: "123test123@test.ru", encrypted_password: "$2a$10$kXA.Bz4HTH4rJZ2./yr7GOOoCTEjxLrOjwS5PbhGMDT..."> 


Completed 200 OK in 85ms (Views: 0.3ms | ActiveRecord: 1.5ms)


Started OPTIONS "/users/sign_in.json" for ::1 at 2016-02-23 13:42:42 +0600

ActionController::RoutingError (No route matches [OPTIONS] "/users/sign_in.json"):
  actionpack (4.2.5) lib/action_dispatch/middleware/debug_exceptions.rb:21:in `call'
  web-console (2.3.0) lib/web_console/middleware.rb:28:in `block in call'
  web-console (2.3.0) lib/web_console/middleware.rb:18:in `catch'
  web-console (2.3.0) lib/web_console/middleware.rb:18:in `call'
  actionpack (4.2.5) lib/action_dispatch/middleware/show_exceptions.rb:30:in `call'
  railties (4.2.5) lib/rails/rack/logger.rb:38:in `call_app'
  railties (4.2.5) lib/rails/rack/logger.rb:20:in `block in call'
  activesupport (4.2.5) lib/active_support/tagged_logging.rb:68:in `block in tagged'
  activesupport (4.2.5) lib/active_support/tagged_logging.rb:26:in `tagged'
  activesupport (4.2.5) lib/active_support/tagged_logging.rb:68:in `tagged'
  railties (4.2.5) lib/rails/rack/logger.rb:20:in `call'
  actionpack (4.2.5) lib/action_dispatch/middleware/request_id.rb:21:in `call'
  rack (1.6.4) lib/rack/methodoverride.rb:22:in `call'
  rack (1.6.4) lib/rack/runtime.rb:18:in `call'
  activesupport (4.2.5) lib/active_support/cache/strategy/local_cache_middleware.rb:28:in `call'
  rack (1.6.4) lib/rack/lock.rb:17:in `call'
  actionpack (4.2.5) lib/action_dispatch/middleware/static.rb:116:in `call'
  rack (1.6.4) lib/rack/sendfile.rb:113:in `call'
  railties (4.2.5) lib/rails/engine.rb:518:in `call'
  railties (4.2.5) lib/rails/application.rb:165:in `call'
  rack (1.6.4) lib/rack/lock.rb:17:in `call'
  rack (1.6.4) lib/rack/content_length.rb:15:in `call'
  rack (1.6.4) lib/rack/handler/webrick.rb:88:in `service'
  /Users/gabyshev/.rvm/rubies/ruby-2.3.0/lib/ruby/2.3.0/webrick/httpserver.rb:140:in `service'
  /Users/gabyshev/.rvm/rubies/ruby-2.3.0/lib/ruby/2.3.0/webrick/httpserver.rb:96:in `run'
  /Users/gabyshev/.rvm/rubies/ruby-2.3.0/lib/ruby/2.3.0/webrick/server.rb:296:in `block in start_thread'


  Rendered /Users/gabyshev/.rvm/gems/ruby-2.3.0@monolith-chat/gems/actionpack-4.2.5/lib/action_dispatch/middleware/templates/rescues/_trace.html.erb (1.4ms)
  Rendered /Users/gabyshev/.rvm/gems/ruby-2.3.0@monolith-chat/gems/actionpack-4.2.5/lib/action_dispatch/middleware/templates/routes/_route.html.erb (1.1ms)
  Rendered /Users/gabyshev/.rvm/gems/ruby-2.3.0@monolith-chat/gems/actionpack-4.2.5/lib/action_dispatch/middleware/templates/routes/_table.html.erb (8.9ms)
  Rendered /Users/gabyshev/.rvm/gems/ruby-2.3.0@monolith-chat/gems/actionpack-4.2.5/lib/action_dispatch/middleware/templates/rescues/_request_and_response.html.erb (0.9ms)
  Rendered /Users/gabyshev/.rvm/gems/ruby-2.3.0@monolith-chat/gems/actionpack-4.2.5/lib/action_dispatch/middleware/templates/rescues/routing_error.html.erb within rescues/layout (78.6ms)
  Rendered /Users/gabyshev/.rvm/gems/ruby-2.3.0@monolith-chat/gems/web-console-2.3.0/lib/web_console/templates/_markup.html.erb (0.4ms)
  Rendered /Users/gabyshev/.rvm/gems/ruby-2.3.0@monolith-chat/gems/web-console-2.3.0/lib/web_console/templates/_inner_console_markup.html.erb within layouts/inlined_string (0.3ms)
  Rendered /Users/gabyshev/.rvm/gems/ruby-2.3.0@monolith-chat/gems/web-console-2.3.0/lib/web_console/templates/_prompt_box_markup.html.erb within layouts/inlined_string (0.2ms)
  Rendered /Users/gabyshev/.rvm/gems/ruby-2.3.0@monolith-chat/gems/web-console-2.3.0/lib/web_console/templates/style.css.erb within layouts/inlined_string (0.3ms)
  Rendered /Users/gabyshev/.rvm/gems/ruby-2.3.0@monolith-chat/gems/web-console-2.3.0/lib/web_console/templates/console.js.erb within layouts/javascript (45.7ms)
  Rendered /Users/gabyshev/.rvm/gems/ruby-2.3.0@monolith-chat/gems/web-console-2.3.0/lib/web_console/templates/main.js.erb within layouts/javascript (0.3ms)
  Rendered /Users/gabyshev/.rvm/gems/ruby-2.3.0@monolith-chat/gems/web-console-2.3.0/lib/web_console/templates/error_page.js.erb within layouts/javascript (0.4ms)
  Rendered /Users/gabyshev/.rvm/gems/ruby-2.3.0@monolith-chat/gems/web-console-2.3.0/lib/web_console/templates/index.html.erb (101.2ms)


Started OPTIONS "/users/sign_in.json" for ::1 at 2016-02-23 13:43:02 +0600

ActionController::RoutingError (No route matches [OPTIONS] "/users/sign_in.json"):
  actionpack (4.2.5) lib/action_dispatch/middleware/debug_exceptions.rb:21:in `call'
  web-console (2.3.0) lib/web_console/middleware.rb:28:in `block in call'
  web-console (2.3.0) lib/web_console/middleware.rb:18:in `catch'
  web-console (2.3.0) lib/web_console/middleware.rb:18:in `call'
  actionpack (4.2.5) lib/action_dispatch/middleware/show_exceptions.rb:30:in `call'
  railties (4.2.5) lib/rails/rack/logger.rb:38:in `call_app'
  railties (4.2.5) lib/rails/rack/logger.rb:20:in `block in call'
  activesupport (4.2.5) lib/active_support/tagged_logging.rb:68:in `block in tagged'
  activesupport (4.2.5) lib/active_support/tagged_logging.rb:26:in `tagged'
  activesupport (4.2.5) lib/active_support/tagged_logging.rb:68:in `tagged'
  railties (4.2.5) lib/rails/rack/logger.rb:20:in `call'
  actionpack (4.2.5) lib/action_dispatch/middleware/request_id.rb:21:in `call'
  rack (1.6.4) lib/rack/methodoverride.rb:22:in `call'
  rack (1.6.4) lib/rack/runtime.rb:18:in `call'
  activesupport (4.2.5) lib/active_support/cache/strategy/local_cache_middleware.rb:28:in `call'
  rack (1.6.4) lib/rack/lock.rb:17:in `call'
  actionpack (4.2.5) lib/action_dispatch/middleware/static.rb:116:in `call'
  rack (1.6.4) lib/rack/sendfile.rb:113:in `call'
  railties (4.2.5) lib/rails/engine.rb:518:in `call'
  railties (4.2.5) lib/rails/application.rb:165:in `call'
  rack (1.6.4) lib/rack/lock.rb:17:in `call'
  rack (1.6.4) lib/rack/content_length.rb:15:in `call'
  rack (1.6.4) lib/rack/handler/webrick.rb:88:in `service'
  /Users/gabyshev/.rvm/rubies/ruby-2.3.0/lib/ruby/2.3.0/webrick/httpserver.rb:140:in `service'
  /Users/gabyshev/.rvm/rubies/ruby-2.3.0/lib/ruby/2.3.0/webrick/httpserver.rb:96:in `run'
  /Users/gabyshev/.rvm/rubies/ruby-2.3.0/lib/ruby/2.3.0/webrick/server.rb:296:in `block in start_thread'


  Rendered /Users/gabyshev/.rvm/gems/ruby-2.3.0@monolith-chat/gems/actionpack-4.2.5/lib/action_dispatch/middleware/templates/rescues/_trace.html.erb (1.6ms)
  Rendered /Users/gabyshev/.rvm/gems/ruby-2.3.0@monolith-chat/gems/actionpack-4.2.5/lib/action_dispatch/middleware/templates/routes/_route.html.erb (1.0ms)
  Rendered /Users/gabyshev/.rvm/gems/ruby-2.3.0@monolith-chat/gems/actionpack-4.2.5/lib/action_dispatch/middleware/templates/routes/_table.html.erb (1.2ms)
  Rendered /Users/gabyshev/.rvm/gems/ruby-2.3.0@monolith-chat/gems/actionpack-4.2.5/lib/action_dispatch/middleware/templates/rescues/_request_and_response.html.erb (1.0ms)
  Rendered /Users/gabyshev/.rvm/gems/ruby-2.3.0@monolith-chat/gems/actionpack-4.2.5/lib/action_dispatch/middleware/templates/rescues/routing_error.html.erb within rescues/layout (86.9ms)
  Rendered /Users/gabyshev/.rvm/gems/ruby-2.3.0@monolith-chat/gems/web-console-2.3.0/lib/web_console/templates/_markup.html.erb (0.8ms)
  Rendered /Users/gabyshev/.rvm/gems/ruby-2.3.0@monolith-chat/gems/web-console-2.3.0/lib/web_console/templates/_inner_console_markup.html.erb within layouts/inlined_string (0.6ms)
  Rendered /Users/gabyshev/.rvm/gems/ruby-2.3.0@monolith-chat/gems/web-console-2.3.0/lib/web_console/templates/_prompt_box_markup.html.erb within layouts/inlined_string (0.3ms)
  Rendered /Users/gabyshev/.rvm/gems/ruby-2.3.0@monolith-chat/gems/web-console-2.3.0/lib/web_console/templates/style.css.erb within layouts/inlined_string (0.5ms)
  Rendered /Users/gabyshev/.rvm/gems/ruby-2.3.0@monolith-chat/gems/web-console-2.3.0/lib/web_console/templates/console.js.erb within layouts/javascript (68.5ms)
  Rendered /Users/gabyshev/.rvm/gems/ruby-2.3.0@monolith-chat/gems/web-console-2.3.0/lib/web_console/templates/main.js.erb within layouts/javascript (1.2ms)
  Rendered /Users/gabyshev/.rvm/gems/ruby-2.3.0@monolith-chat/gems/web-console-2.3.0/lib/web_console/templates/error_page.js.erb within layouts/javascript (0.4ms)
  Rendered /Users/gabyshev/.rvm/gems/ruby-2.3.0@monolith-chat/gems/web-console-2.3.0/lib/web_console/templates/index.html.erb (148.6ms)


Started POST "/users/sign_in.json" for ::1 at 2016-02-23 13:44:46 +0600
  [1m[36mActiveRecord::SchemaMigration Load (0.5ms)[0m  [1mSELECT "schema_migrations".* FROM "schema_migrations"[0m
Processing by Users::SessionsController#create as JSON
  Parameters: {"email"=>"123test1232@test.ru", "password"=>"[FILTERED]", "session"=>{"email"=>"123test1232@test.ru", "password"=>"[FILTERED]"}}
Completed 401 Unauthorized in 9ms (ActiveRecord: 0.0ms)


Started POST "/users/sign_in.json" for ::1 at 2016-02-23 13:45:07 +0600
Processing by Users::SessionsController#create as JSON
  Parameters: {"email"=>"123test123@test.ru", "password"=>"[FILTERED]", "session"=>{"email"=>"123test123@test.ru", "password"=>"[FILTERED]"}}
Completed 401 Unauthorized in 0ms (ActiveRecord: 0.0ms)


Started POST "/users/sign_in.json" for ::1 at 2016-02-23 13:45:29 +0600
Processing by Users::SessionsController#create as JSON
  Parameters: {"email"=>"123test123@test.ru", "password"=>"[FILTERED]", "session"=>{"email"=>"123test123@test.ru", "password"=>"[FILTERED]"}}
Completed 401 Unauthorized in 0ms (ActiveRecord: 0.0ms)


Started POST "/users/sign_in.json" for ::1 at 2016-02-23 13:47:03 +0600
Processing by Users::SessionsController#create as JSON
  Parameters: {"user"=>{"email"=>"123test123@test.ru", "password"=>"[FILTERED]"}, "session"=>{"user"=>{"email"=>"123test123@test.ru", "password"=>"[FILTERED]"}}}
  [1m[35mUser Load (1.0ms)[0m  SELECT  "users".* FROM "users" WHERE "users"."email" = ?  ORDER BY "users"."id" ASC LIMIT 1  [["email", "123test123@test.ru"]]


 #<User id: 1, created_at: "2016-02-22 14:50:46", updated_at: "2016-02-22 14:50:46", email: "123test123@test.ru", encrypted_password: "$2a$10$kXA.Bz4HTH4rJZ2./yr7GOOoCTEjxLrOjwS5PbhGMDT..."> 


Completed 200 OK in 136ms (Views: 0.5ms | ActiveRecord: 2.1ms)


Started POST "/users/sign_in.json" for ::1 at 2016-02-23 14:08:23 +0600
Processing by Users::SessionsController#create as JSON
  Parameters: {"user"=>{"email"=>"123test123@test.ru", "password"=>"[FILTERED]"}, "session"=>{"user"=>{"email"=>"123test123@test.ru", "password"=>"[FILTERED]"}}}
  [1m[36mUser Load (0.7ms)[0m  [1mSELECT  "users".* FROM "users" WHERE "users"."email" = ?  ORDER BY "users"."id" ASC LIMIT 1[0m  [["email", "123test123@test.ru"]]


 #<User id: 1, created_at: "2016-02-22 14:50:46", updated_at: "2016-02-22 14:50:46", email: "123test123@test.ru", encrypted_password: "$2a$10$kXA.Bz4HTH4rJZ2./yr7GOOoCTEjxLrOjwS5PbhGMDT..."> 


Completed 200 OK in 96ms (Views: 1.0ms | ActiveRecord: 0.7ms)


Started GET "/" for ::1 at 2016-02-23 14:09:43 +0600
Processing by Rails::WelcomeController#index as HTML
  Rendered /Users/gabyshev/.rvm/gems/ruby-2.3.0@monolith-chat/gems/railties-4.2.5/lib/rails/templates/rails/welcome/index.html.erb (3.1ms)
Completed 200 OK in 18ms (Views: 17.6ms | ActiveRecord: 0.0ms)


Started POST "/users.json" for ::1 at 2016-02-23 14:49:12 +0600
  [1m[36mActiveRecord::SchemaMigration Load (0.4ms)[0m  [1mSELECT "schema_migrations".* FROM "schema_migrations"[0m
Processing by Devise::RegistrationsController#create as JSON
  Parameters: {"user"=>{"email"=>"isaac@test.ru", "password"=>"[FILTERED]", "password_confirmation"=>"[FILTERED]"}, "registration"=>{"user"=>{"email"=>"isaac@test.ru", "password"=>"[FILTERED]", "password_confirmation"=>"[FILTERED]"}}}
  [1m[35m (0.1ms)[0m  begin transaction
  [1m[36mUser Exists (0.5ms)[0m  [1mSELECT  1 AS one FROM "users" WHERE "users"."email" = 'isaac@test.ru' LIMIT 1[0m
  [1m[35mSQL (1.1ms)[0m  INSERT INTO "users" ("email", "encrypted_password", "created_at", "updated_at") VALUES (?, ?, ?, ?)  [["email", "isaac@test.ru"], ["encrypted_password", "$2a$10$4qlUskQBNTZV8yB6xGsmLu4zVYQlvWVlWCCC2PFwlogYicvvbbMDW"], ["created_at", "2016-02-23 08:49:12.407186"], ["updated_at", "2016-02-23 08:49:12.407186"]]
  [1m[36m (0.7ms)[0m  [1mcommit transaction[0m
Completed 201 Created in 142ms (Views: 0.4ms | ActiveRecord: 2.9ms)


Started POST "/users/sign_in.json" for ::1 at 2016-02-23 14:50:06 +0600
Processing by Users::SessionsController#create as JSON
  Parameters: {"user"=>{"email"=>"isaac@test.ru", "password"=>"[FILTERED]"}, "session"=>{"user"=>{"email"=>"isaac@test.ru", "password"=>"[FILTERED]"}}}
  [1m[35mUser Load (0.2ms)[0m  SELECT  "users".* FROM "users" WHERE "users"."email" = ?  ORDER BY "users"."id" ASC LIMIT 1  [["email", "isaac@test.ru"]]
Completed 200 OK in 93ms (Views: 0.2ms | ActiveRecord: 0.2ms)


Started GET "/api/test.json" for ::1 at 2016-02-23 14:50:49 +0600
Processing by ApiController#test as JSON
  Parameters: {"api"=>{}}
Completed 200 OK in 1ms (Views: 0.2ms | ActiveRecord: 0.0ms)


Started GET "/api/test.json" for ::1 at 2016-02-23 14:50:56 +0600
Processing by ApiController#test as JSON
  Parameters: {"api"=>{}}
Filter chain halted as :verify_jwt_token rendered or redirected
Completed 401 Unauthorized in 1ms (ActiveRecord: 0.0ms)


Started GET "/api/test.json" for ::1 at 2016-02-23 14:51:23 +0600
Processing by ApiController#test as JSON
  Parameters: {"api"=>{}}
Completed 200 OK in 0ms (Views: 0.1ms | ActiveRecord: 0.0ms)


Started POST "/users/sign_in.json" for ::1 at 2016-02-23 18:10:29 +0600
  [1m[36mActiveRecord::SchemaMigration Load (0.4ms)[0m  [1mSELECT "schema_migrations".* FROM "schema_migrations"[0m
Processing by Users::SessionsController#create as JSON
  Parameters: {"user"=>{"email"=>"asd@sda.ru", "password"=>"[FILTERED]"}, "session"=>{"user"=>{"email"=>"asd@sda.ru", "password"=>"[FILTERED]"}}}
  [1m[35mUser Load (0.6ms)[0m  SELECT  "users".* FROM "users" WHERE "users"."email" = ?  ORDER BY "users"."id" ASC LIMIT 1  [["email", "asd@sda.ru"]]
Completed 401 Unauthorized in 23ms (ActiveRecord: 1.0ms)


Started POST "/users/sign_in.json" for ::1 at 2016-02-23 18:13:26 +0600
Processing by Users::SessionsController#create as JSON
  Parameters: {"user"=>{"email"=>"df", "password"=>"[FILTERED]"}, "session"=>{"user"=>{"email"=>"df", "password"=>"[FILTERED]"}}}
  [1m[36mUser Load (0.1ms)[0m  [1mSELECT  "users".* FROM "users" WHERE "users"."email" = ?  ORDER BY "users"."id" ASC LIMIT 1[0m  [["email", "df"]]
Completed 401 Unauthorized in 1ms (ActiveRecord: 0.1ms)


Started POST "/users/sign_in.json" for ::1 at 2016-02-23 18:14:21 +0600
Processing by Users::SessionsController#create as JSON
  Parameters: {"user"=>{"email"=>"sdf", "password"=>"[FILTERED]"}, "session"=>{"user"=>{"email"=>"sdf", "password"=>"[FILTERED]"}}}
  [1m[35mUser Load (0.1ms)[0m  SELECT  "users".* FROM "users" WHERE "users"."email" = ?  ORDER BY "users"."id" ASC LIMIT 1  [["email", "sdf"]]
Completed 401 Unauthorized in 1ms (ActiveRecord: 0.1ms)


Started GET "/users/sign_up" for ::1 at 2016-02-23 18:16:29 +0600
Processing by Devise::RegistrationsController#new as HTML
Completed 406 Not Acceptable in 5ms (ActiveRecord: 0.0ms)

ActionController::UnknownFormat (ActionController::UnknownFormat):
  responders (2.1.1) lib/action_controller/respond_with.rb:207:in `respond_with'
  devise (3.5.6) app/controllers/devise/registrations_controller.rb:10:in `new'
  actionpack (4.2.5) lib/action_controller/metal/implicit_render.rb:4:in `send_action'
  actionpack (4.2.5) lib/abstract_controller/base.rb:198:in `process_action'
  actionpack (4.2.5) lib/action_controller/metal/rendering.rb:10:in `process_action'
  actionpack (4.2.5) lib/abstract_controller/callbacks.rb:20:in `block in process_action'
  activesupport (4.2.5) lib/active_support/callbacks.rb:117:in `call'
  activesupport (4.2.5) lib/active_support/callbacks.rb:555:in `block (2 levels) in compile'
  activesupport (4.2.5) lib/active_support/callbacks.rb:505:in `call'
  activesupport (4.2.5) lib/active_support/callbacks.rb:92:in `__run_callbacks__'
  activesupport (4.2.5) lib/active_support/callbacks.rb:778:in `_run_process_action_callbacks'
  activesupport (4.2.5) lib/active_support/callbacks.rb:81:in `run_callbacks'
  actionpack (4.2.5) lib/abstract_controller/callbacks.rb:19:in `process_action'
  actionpack (4.2.5) lib/action_controller/metal/rescue.rb:29:in `process_action'
  actionpack (4.2.5) lib/action_controller/metal/instrumentation.rb:32:in `block in process_action'
  activesupport (4.2.5) lib/active_support/notifications.rb:164:in `block in instrument'
  activesupport (4.2.5) lib/active_support/notifications/instrumenter.rb:20:in `instrument'
  activesupport (4.2.5) lib/active_support/notifications.rb:164:in `instrument'
  actionpack (4.2.5) lib/action_controller/metal/instrumentation.rb:30:in `process_action'
  actionpack (4.2.5) lib/action_controller/metal/params_wrapper.rb:250:in `process_action'
  activerecord (4.2.5) lib/active_record/railties/controller_runtime.rb:18:in `process_action'
  actionpack (4.2.5) lib/abstract_controller/base.rb:137:in `process'
  actionview (4.2.5) lib/action_view/rendering.rb:30:in `process'
  actionpack (4.2.5) lib/action_controller/metal.rb:196:in `dispatch'
  actionpack (4.2.5) lib/action_controller/metal/rack_delegation.rb:13:in `dispatch'
  actionpack (4.2.5) lib/action_controller/metal.rb:237:in `block in action'
  actionpack (4.2.5) lib/action_dispatch/routing/route_set.rb:76:in `dispatch'
  actionpack (4.2.5) lib/action_dispatch/routing/route_set.rb:45:in `serve'
  actionpack (4.2.5) lib/action_dispatch/routing/mapper.rb:49:in `serve'
  actionpack (4.2.5) lib/action_dispatch/journey/router.rb:43:in `block in serve'
  actionpack (4.2.5) lib/action_dispatch/journey/router.rb:30:in `each'
  actionpack (4.2.5) lib/action_dispatch/journey/router.rb:30:in `serve'
  actionpack (4.2.5) lib/action_dispatch/routing/route_set.rb:817:in `call'
  warden (1.2.6) lib/warden/manager.rb:35:in `block in call'
  warden (1.2.6) lib/warden/manager.rb:34:in `catch'
  warden (1.2.6) lib/warden/manager.rb:34:in `call'
  rack (1.6.4) lib/rack/etag.rb:24:in `call'
  rack (1.6.4) lib/rack/conditionalget.rb:25:in `call'
  rack (1.6.4) lib/rack/head.rb:13:in `call'
  actionpack (4.2.5) lib/action_dispatch/middleware/params_parser.rb:27:in `call'
  actionpack (4.2.5) lib/action_dispatch/middleware/flash.rb:260:in `call'
  rack (1.6.4) lib/rack/session/abstract/id.rb:225:in `context'
  rack (1.6.4) lib/rack/session/abstract/id.rb:220:in `call'
  actionpack (4.2.5) lib/action_dispatch/middleware/cookies.rb:560:in `call'
  activerecord (4.2.5) lib/active_record/query_cache.rb:36:in `call'
  activerecord (4.2.5) lib/active_record/connection_adapters/abstract/connection_pool.rb:653:in `call'
  activerecord (4.2.5) lib/active_record/migration.rb:377:in `call'
  actionpack (4.2.5) lib/action_dispatch/middleware/callbacks.rb:29:in `block in call'
  activesupport (4.2.5) lib/active_support/callbacks.rb:88:in `__run_callbacks__'
  activesupport (4.2.5) lib/active_support/callbacks.rb:778:in `_run_call_callbacks'
  activesupport (4.2.5) lib/active_support/callbacks.rb:81:in `run_callbacks'
  actionpack (4.2.5) lib/action_dispatch/middleware/callbacks.rb:27:in `call'
  actionpack (4.2.5) lib/action_dispatch/middleware/reloader.rb:73:in `call'
  actionpack (4.2.5) lib/action_dispatch/middleware/remote_ip.rb:78:in `call'
  actionpack (4.2.5) lib/action_dispatch/middleware/debug_exceptions.rb:17:in `call'
  web-console (2.3.0) lib/web_console/middleware.rb:28:in `block in call'
  web-console (2.3.0) lib/web_console/middleware.rb:18:in `catch'
  web-console (2.3.0) lib/web_console/middleware.rb:18:in `call'
  actionpack (4.2.5) lib/action_dispatch/middleware/show_exceptions.rb:30:in `call'
  railties (4.2.5) lib/rails/rack/logger.rb:38:in `call_app'
  railties (4.2.5) lib/rails/rack/logger.rb:20:in `block in call'
  activesupport (4.2.5) lib/active_support/tagged_logging.rb:68:in `block in tagged'
  activesupport (4.2.5) lib/active_support/tagged_logging.rb:26:in `tagged'
  activesupport (4.2.5) lib/active_support/tagged_logging.rb:68:in `tagged'
  railties (4.2.5) lib/rails/rack/logger.rb:20:in `call'
  actionpack (4.2.5) lib/action_dispatch/middleware/request_id.rb:21:in `call'
  rack (1.6.4) lib/rack/methodoverride.rb:22:in `call'
  rack (1.6.4) lib/rack/runtime.rb:18:in `call'
  activesupport (4.2.5) lib/active_support/cache/strategy/local_cache_middleware.rb:28:in `call'
  rack (1.6.4) lib/rack/lock.rb:17:in `call'
  actionpack (4.2.5) lib/action_dispatch/middleware/static.rb:116:in `call'
  rack (1.6.4) lib/rack/sendfile.rb:113:in `call'
  rack-cors (0.4.0) lib/rack/cors.rb:80:in `call'
  railties (4.2.5) lib/rails/engine.rb:518:in `call'
  railties (4.2.5) lib/rails/application.rb:165:in `call'
  rack (1.6.4) lib/rack/lock.rb:17:in `call'
  rack (1.6.4) lib/rack/content_length.rb:15:in `call'
  rack (1.6.4) lib/rack/handler/webrick.rb:88:in `service'
  /Users/gabyshev/.rvm/rubies/ruby-2.3.0/lib/ruby/2.3.0/webrick/httpserver.rb:140:in `service'
  /Users/gabyshev/.rvm/rubies/ruby-2.3.0/lib/ruby/2.3.0/webrick/httpserver.rb:96:in `run'
  /Users/gabyshev/.rvm/rubies/ruby-2.3.0/lib/ruby/2.3.0/webrick/server.rb:296:in `block in start_thread'


  Rendered /Users/gabyshev/.rvm/gems/ruby-2.3.0@monolith-chat/gems/actionpack-4.2.5/lib/action_dispatch/middleware/templates/rescues/_source.erb (3.9ms)
  Rendered /Users/gabyshev/.rvm/gems/ruby-2.3.0@monolith-chat/gems/actionpack-4.2.5/lib/action_dispatch/middleware/templates/rescues/_trace.html.erb (2.7ms)
  Rendered /Users/gabyshev/.rvm/gems/ruby-2.3.0@monolith-chat/gems/actionpack-4.2.5/lib/action_dispatch/middleware/templates/rescues/_request_and_response.html.erb (0.9ms)
  Rendered /Users/gabyshev/.rvm/gems/ruby-2.3.0@monolith-chat/gems/actionpack-4.2.5/lib/action_dispatch/middleware/templates/rescues/diagnostics.html.erb within rescues/layout (54.9ms)
  Rendered /Users/gabyshev/.rvm/gems/ruby-2.3.0@monolith-chat/gems/web-console-2.3.0/lib/web_console/templates/_markup.html.erb (0.4ms)
  Rendered /Users/gabyshev/.rvm/gems/ruby-2.3.0@monolith-chat/gems/web-console-2.3.0/lib/web_console/templates/_inner_console_markup.html.erb within layouts/inlined_string (0.3ms)
  Rendered /Users/gabyshev/.rvm/gems/ruby-2.3.0@monolith-chat/gems/web-console-2.3.0/lib/web_console/templates/_prompt_box_markup.html.erb within layouts/inlined_string (0.3ms)
  Rendered /Users/gabyshev/.rvm/gems/ruby-2.3.0@monolith-chat/gems/web-console-2.3.0/lib/web_console/templates/style.css.erb within layouts/inlined_string (0.4ms)
  Rendered /Users/gabyshev/.rvm/gems/ruby-2.3.0@monolith-chat/gems/web-console-2.3.0/lib/web_console/templates/console.js.erb within layouts/javascript (50.5ms)
  Rendered /Users/gabyshev/.rvm/gems/ruby-2.3.0@monolith-chat/gems/web-console-2.3.0/lib/web_console/templates/main.js.erb within layouts/javascript (0.3ms)
  Rendered /Users/gabyshev/.rvm/gems/ruby-2.3.0@monolith-chat/gems/web-console-2.3.0/lib/web_console/templates/error_page.js.erb within layouts/javascript (0.4ms)
  Rendered /Users/gabyshev/.rvm/gems/ruby-2.3.0@monolith-chat/gems/web-console-2.3.0/lib/web_console/templates/index.html.erb (147.8ms)


Started POST "/users/sign_in.json" for ::1 at 2016-02-23 18:30:15 +0600
  [1m[36mActiveRecord::SchemaMigration Load (0.5ms)[0m  [1mSELECT "schema_migrations".* FROM "schema_migrations"[0m
Processing by Users::SessionsController#create as JSON
  Parameters: {"user"=>{"email"=>"sdf@sdf", "password"=>"[FILTERED]"}, "session"=>{"user"=>{"email"=>"sdf@sdf", "password"=>"[FILTERED]"}}}
  [1m[35mUser Load (0.5ms)[0m  SELECT  "users".* FROM "users" WHERE "users"."email" = ?  ORDER BY "users"."id" ASC LIMIT 1  [["email", "sdf@sdf"]]
Completed 401 Unauthorized in 20ms (ActiveRecord: 0.8ms)


Started POST "/users.json" for ::1 at 2016-02-23 18:35:56 +0600
Processing by Devise::RegistrationsController#create as JSON
  Parameters: {"user"=>{"email"=>"magdalene@test.ru", "password"=>"[FILTERED]", "password_confirmation"=>"[FILTERED]"}, "registration"=>{"user"=>{"email"=>"magdalene@test.ru", "password"=>"[FILTERED]", "password_confirmation"=>"[FILTERED]"}}}
  [1m[36m (0.2ms)[0m  [1mbegin transaction[0m
  [1m[35mUser Exists (0.3ms)[0m  SELECT  1 AS one FROM "users" WHERE "users"."email" = 'magdalene@test.ru' LIMIT 1
  [1m[36mSQL (1.6ms)[0m  [1mINSERT INTO "users" ("email", "encrypted_password", "created_at", "updated_at") VALUES (?, ?, ?, ?)[0m  [["email", "magdalene@test.ru"], ["encrypted_password", "$2a$10$MPsGzrOzOR6p6U4W85dyHuxJIiPuSPyBbo6htbSvHsN/3sc460i0K"], ["created_at", "2016-02-23 12:35:56.745156"], ["updated_at", "2016-02-23 12:35:56.745156"]]
  [1m[35m (1.4ms)[0m  commit transaction
Completed 201 Created in 142ms (Views: 1.0ms | ActiveRecord: 3.4ms)


Started POST "/users/sign_in.json" for ::1 at 2016-02-23 18:39:18 +0600
Processing by Users::SessionsController#create as JSON
  Parameters: {"user"=>{"email"=>"magdalene@test.ru", "password"=>"[FILTERED]"}, "session"=>{"user"=>{"email"=>"magdalene@test.ru", "password"=>"[FILTERED]"}}}
  [1m[36mUser Load (0.2ms)[0m  [1mSELECT  "users".* FROM "users" WHERE "users"."email" = ?  ORDER BY "users"."id" ASC LIMIT 1[0m  [["email", "magdalene@test.ru"]]
Completed 200 OK in 134ms (Views: 0.3ms | ActiveRecord: 0.2ms)


Started POST "/users.json" for ::1 at 2016-02-23 18:52:53 +0600
  [1m[36mActiveRecord::SchemaMigration Load (0.5ms)[0m  [1mSELECT "schema_migrations".* FROM "schema_migrations"[0m
Processing by Devise::RegistrationsController#create as JSON
  Parameters: {"user"=>{"email"=>"cain@test.ru", "password"=>"[FILTERED]", "password_confirmation"=>"[FILTERED]"}, "registration"=>{"user"=>{"email"=>"cain@test.ru", "password"=>"[FILTERED]", "password_confirmation"=>"[FILTERED]"}}}
  [1m[35m (0.1ms)[0m  begin transaction
  [1m[36mUser Exists (0.6ms)[0m  [1mSELECT  1 AS one FROM "users" WHERE "users"."email" = 'cain@test.ru' LIMIT 1[0m
  [1m[35mSQL (1.4ms)[0m  INSERT INTO "users" ("email", "encrypted_password", "created_at", "updated_at") VALUES (?, ?, ?, ?)  [["email", "cain@test.ru"], ["encrypted_password", "$2a$10$urO4jQT3OnYpVKZ.9qbxe.ACdQfc1qKYlSWhKizqsnTLu0D6PXni2"], ["created_at", "2016-02-23 12:52:54.449233"], ["updated_at", "2016-02-23 12:52:54.449233"]]
  [1m[36m (0.7ms)[0m  [1mcommit transaction[0m
Completed 201 Created in 165ms (Views: 0.9ms | ActiveRecord: 3.2ms)


Started POST "/users.json" for ::1 at 2016-02-23 18:53:29 +0600
Processing by Devise::RegistrationsController#create as JSON
  Parameters: {"user"=>{"email"=>"cain@test.ru", "password"=>"[FILTERED]", "password_confirmation"=>"[FILTERED]"}, "registration"=>{"user"=>{"email"=>"cain@test.ru", "password"=>"[FILTERED]", "password_confirmation"=>"[FILTERED]"}}}
  [1m[35m (0.1ms)[0m  begin transaction
  [1m[36mUser Exists (0.1ms)[0m  [1mSELECT  1 AS one FROM "users" WHERE "users"."email" = 'cain@test.ru' LIMIT 1[0m
  [1m[35m (0.1ms)[0m  rollback transaction
Completed 422 Unprocessable Entity in 122ms (Views: 0.2ms | ActiveRecord: 0.3ms)


Started POST "/users/sign_in.json" for ::1 at 2016-02-23 18:53:48 +0600
Processing by Users::SessionsController#create as JSON
  Parameters: {"user"=>{"email"=>"cain@test.ru", "password"=>"[FILTERED]"}, "session"=>{"user"=>{"email"=>"cain@test.ru", "password"=>"[FILTERED]"}}}
  [1m[36mUser Load (0.2ms)[0m  [1mSELECT  "users".* FROM "users" WHERE "users"."email" = ?  ORDER BY "users"."id" ASC LIMIT 1[0m  [["email", "cain@test.ru"]]
Completed 200 OK in 87ms (Views: 0.3ms | ActiveRecord: 0.2ms)


Started POST "/users/sign_in.json" for 127.0.0.1 at 2016-02-23 21:53:23 +0600
  [1m[36mActiveRecord::SchemaMigration Load (0.4ms)[0m  [1mSELECT "schema_migrations".* FROM "schema_migrations"[0m
Processing by Users::SessionsController#create as JSON
  Parameters: {"user"=>{"email"=>"cain@test.ru", "password"=>"[FILTERED]"}, "session"=>{"user"=>{"email"=>"cain@test.ru", "password"=>"[FILTERED]"}}}
  [1m[35mUser Load (0.7ms)[0m  SELECT  "users".* FROM "users" WHERE "users"."email" = ?  ORDER BY "users"."id" ASC LIMIT 1  [["email", "cain@test.ru"]]
Completed 401 Unauthorized in 120ms (ActiveRecord: 1.1ms)


Started POST "/users/sign_in.json" for 127.0.0.1 at 2016-02-23 21:53:36 +0600
Processing by Users::SessionsController#create as JSON
  Parameters: {"user"=>{"email"=>"cain@test.ru", "password"=>"[FILTERED]"}, "session"=>{"user"=>{"email"=>"cain@test.ru", "password"=>"[FILTERED]"}}}
  [1m[36mUser Load (0.1ms)[0m  [1mSELECT  "users".* FROM "users" WHERE "users"."email" = ?  ORDER BY "users"."id" ASC LIMIT 1[0m  [["email", "cain@test.ru"]]
Completed 200 OK in 79ms (Views: 0.2ms | ActiveRecord: 0.1ms)
